[debug] [2022-12-12T08:56:21.583Z] ----------------------------------------------------------------------
[debug] [2022-12-12T08:56:21.586Z] Command:       /Users/rookasrudzianskas/.nvm/versions/node/v14.20.0/bin/node /usr/local/bin/firebase init
[debug] [2022-12-12T08:56:21.587Z] CLI Version:   9.19.0
[debug] [2022-12-12T08:56:21.587Z] Platform:      darwin
[debug] [2022-12-12T08:56:21.587Z] Node Version:  v14.20.0
[debug] [2022-12-12T08:56:21.605Z] Time:          Mon Dec 12 2022 10:56:21 GMT+0200 (Eastern European Standard Time)
[debug] [2022-12-12T08:56:21.605Z] ----------------------------------------------------------------------
[debug] 
[debug] [2022-12-12T08:56:21.608Z] >>> [apiv2][query] GET https://firebase-public.firebaseio.com/cli.json [none]
[debug] [2022-12-12T08:56:21.703Z] > command requires scopes: ["email","openid","https://www.googleapis.com/auth/cloudplatformprojects.readonly","https://www.googleapis.com/auth/firebase","https://www.googleapis.com/auth/cloud-platform"]
[debug] [2022-12-12T08:56:21.704Z] > authorizing via signed-in user (hello.rokastech@gmail.com)
[info] 
     ######## #### ########  ######## ########     ###     ######  ########
     ##        ##  ##     ## ##       ##     ##  ##   ##  ##       ##
     ######    ##  ########  ######   ########  #########  ######  ######
     ##        ##  ##    ##  ##       ##     ## ##     ##       ## ##
     ##       #### ##     ## ######## ########  ##     ##  ######  ########

You're about to initialize a Firebase project in this directory:

  /Users/rookasrudzianskas/Documents/PERSONAL/ROKAS_PORTFOLIO | ROKASRUDZIANSKAS.com

Before we get started, keep in mind:

  * You are initializing within an existing Firebase project directory

[debug] [2022-12-12T08:56:22.118Z] <<< [apiv2][status] GET https://firebase-public.firebaseio.com/cli.json 200
[debug] [2022-12-12T08:56:22.118Z] <<< [apiv2][body] GET https://firebase-public.firebaseio.com/cli.json {"cloudBuildErrorAfter":1594252800000,"cloudBuildWarnAfter":1590019200000,"defaultNode10After":1594252800000,"minVersion":"3.0.5","node8DeploysDisabledAfter":1613390400000,"node8RuntimeDisabledAfter":1615809600000,"node8WarnAfter":1600128000000}
[info] 
=== Project Setup
[info] 
[info] First, let's associate this project directory with a Firebase project.
[info] You can create multiple project aliases by running firebase use --add, 
[info] but for now we'll just set up a default project.
[info] 
[info] i  .firebaserc already has a default project, using rookas-portfolio. 
[debug] [2022-12-12T08:56:29.493Z] > refreshing access token with scopes: []
[debug] [2022-12-12T08:56:29.494Z] >>> HTTP REQUEST POST https://www.googleapis.com/oauth2/v3/token  
 <request body omitted>
[debug] [2022-12-12T08:56:29.684Z] <<< HTTP RESPONSE 200 {"pragma":"no-cache","expires":"Mon, 01 Jan 1990 00:00:00 GMT","cache-control":"no-cache, no-store, max-age=0, must-revalidate","date":"Mon, 12 Dec 2022 08:56:30 GMT","content-type":"application/json; charset=utf-8","vary":"X-Origin, Referer, Origin,Accept-Encoding","server":"scaffolding on HTTPServer2","x-xss-protection":"0","x-frame-options":"SAMEORIGIN","x-content-type-options":"nosniff","alt-svc":"h3=\":443\"; ma=2592000,h3-29=\":443\"; ma=2592000,h3-Q050=\":443\"; ma=2592000,h3-Q046=\":443\"; ma=2592000,h3-Q043=\":443\"; ma=2592000,quic=\":443\"; ma=2592000; v=\"46,43\"","accept-ranges":"none","transfer-encoding":"chunked"}
[debug] [2022-12-12T08:56:29.710Z] >>> [apiv2][query] GET https://firebase.googleapis.com/v1beta1/projects/rookas-portfolio [none]
[debug] [2022-12-12T08:56:30.116Z] <<< [apiv2][status] GET https://firebase.googleapis.com/v1beta1/projects/rookas-portfolio 200
[debug] [2022-12-12T08:56:30.116Z] <<< [apiv2][body] GET https://firebase.googleapis.com/v1beta1/projects/rookas-portfolio {"projectId":"rookas-portfolio","projectNumber":"932678034597","displayName":"rookas-portfolio","name":"projects/rookas-portfolio","resources":{"hostingSite":"rookas-portfolio"},"state":"ACTIVE","etag":"1_95d4dcdc-bbaf-4be1-9c4d-6023c7e63561"}
[info] 
=== Hosting Setup
[info] 
[info] Your public directory is the folder (relative to your project directory) that
[info] will contain Hosting assets to be uploaded with firebase deploy. If you
[info] have a build process for your assets, use your build's output directory.
[info] 
